d:\miners\wolf-xmr-miner\wolf_xmr_miner\x64\debug\vc141.pdb
d:\miners\wolf-xmr-miner\wolf_xmr_miner\x64\debug\vc141.idb
d:\miners\wolf-xmr-miner\wolf_xmr_miner\x64\debug\minerutils.obj
d:\miners\wolf-xmr-miner\wolf_xmr_miner\x64\debug\cryptonight.obj
d:\miners\wolf-xmr-miner\wolf_xmr_miner\x64\debug\net.obj
d:\miners\wolf-xmr-miner\wolf_xmr_miner\x64\debug\gpu.obj
d:\miners\wolf-xmr-miner\wolf_xmr_miner\x64\debug\oaes_lib.obj
d:\miners\wolf-xmr-miner\wolf_xmr_miner\x64\debug\hash.obj
d:\miners\wolf-xmr-miner\wolf_xmr_miner\x64\debug\c_skein.obj
d:\miners\wolf-xmr-miner\wolf_xmr_miner\x64\debug\c_keccak.obj
d:\miners\wolf-xmr-miner\wolf_xmr_miner\x64\debug\stdafx.obj
d:\miners\wolf-xmr-miner\wolf_xmr_miner\x64\debug\main.obj
d:\miners\wolf-xmr-miner\wolf_xmr_miner\x64\debug\log.obj
d:\miners\wolf-xmr-miner\wolf_xmr_miner\x64\debug\c_jh.obj
d:\miners\wolf-xmr-miner\wolf_xmr_miner\x64\debug\c_groestl.obj
d:\miners\wolf-xmr-miner\wolf_xmr_miner\x64\debug\c_blake256.obj
d:\miners\wolf-xmr-miner\wolf_xmr_miner\x64\debug\aesb.obj
d:\miners\wolf-xmr-miner\wolf_xmr_miner\x64\debug\minerutils.obj.enc
d:\miners\wolf-xmr-miner\wolf_xmr_miner\x64\debug\mad_xmr_miner.pdb
d:\miners\wolf-xmr-miner\wolf_xmr_miner\x64\debug\mad_xmr_miner.tlog\cl.command.1.tlog
d:\miners\wolf-xmr-miner\wolf_xmr_miner\x64\debug\mad_xmr_miner.tlog\cl.read.1.tlog
d:\miners\wolf-xmr-miner\wolf_xmr_miner\x64\debug\mad_xmr_miner.tlog\cl.write.1.tlog
d:\miners\wolf-xmr-miner\wolf_xmr_miner\x64\debug\mad_xmr_miner.tlog\link.8304-cvtres.read.1.tlog
d:\miners\wolf-xmr-miner\wolf_xmr_miner\x64\debug\mad_xmr_miner.tlog\link.8304-cvtres.write.1.tlog
d:\miners\wolf-xmr-miner\wolf_xmr_miner\x64\debug\mad_xmr_miner.tlog\link.8304-rc.read.1.tlog
d:\miners\wolf-xmr-miner\wolf_xmr_miner\x64\debug\mad_xmr_miner.tlog\link.8304-rc.write.1.tlog
d:\miners\wolf-xmr-miner\wolf_xmr_miner\x64\debug\mad_xmr_miner.tlog\link.8304.read.1.tlog
d:\miners\wolf-xmr-miner\wolf_xmr_miner\x64\debug\mad_xmr_miner.tlog\link.8304.write.1.tlog
d:\miners\wolf-xmr-miner\wolf_xmr_miner\x64\debug\mad_xmr_miner.tlog\link.command.1.tlog
d:\miners\wolf-xmr-miner\wolf_xmr_miner\x64\debug\mad_xmr_miner.tlog\link.read.1.tlog
d:\miners\wolf-xmr-miner\wolf_xmr_miner\x64\debug\mad_xmr_miner.tlog\link.write.1.tlog
