d:\miners\wolf-xmr-miner\wolf_xmr_miner\x64\release\vc141.pdb
d:\miners\wolf-xmr-miner\wolf_xmr_miner\x64\release\stdafx.obj
d:\miners\wolf-xmr-miner\wolf_xmr_miner\x64\release\net.obj
d:\miners\wolf-xmr-miner\wolf_xmr_miner\x64\release\minerutils.obj
d:\miners\wolf-xmr-miner\wolf_xmr_miner\x64\release\main.obj
d:\miners\wolf-xmr-miner\wolf_xmr_miner\x64\release\log.obj
d:\miners\wolf-xmr-miner\wolf_xmr_miner\x64\release\gpu.obj
d:\miners\wolf-xmr-miner\wolf_xmr_miner\x64\release\oaes_lib.obj
d:\miners\wolf-xmr-miner\wolf_xmr_miner\x64\release\hash.obj
d:\miners\wolf-xmr-miner\wolf_xmr_miner\x64\release\c_skein.obj
d:\miners\wolf-xmr-miner\wolf_xmr_miner\x64\release\c_keccak.obj
d:\miners\wolf-xmr-miner\wolf_xmr_miner\x64\release\c_jh.obj
d:\miners\wolf-xmr-miner\wolf_xmr_miner\x64\release\c_groestl.obj
d:\miners\wolf-xmr-miner\wolf_xmr_miner\x64\release\c_blake256.obj
d:\miners\wolf-xmr-miner\wolf_xmr_miner\x64\release\aesb.obj
d:\miners\wolf-xmr-miner\wolf_xmr_miner\x64\release\cryptonight.obj
d:\miners\wolf-xmr-miner\wolf_xmr_miner\x64\release\mad_xmr_miner.exe
d:\miners\wolf-xmr-miner\wolf_xmr_miner\x64\release\mad_xmr_miner.ilk
d:\miners\wolf-xmr-miner\wolf_xmr_miner\x64\release\mad_xmr_miner.pdb
d:\miners\wolf-xmr-miner\wolf_xmr_miner\x64\release\mad_xmr_miner.tlog\cl.command.1.tlog
d:\miners\wolf-xmr-miner\wolf_xmr_miner\x64\release\mad_xmr_miner.tlog\cl.read.1.tlog
d:\miners\wolf-xmr-miner\wolf_xmr_miner\x64\release\mad_xmr_miner.tlog\cl.write.1.tlog
d:\miners\wolf-xmr-miner\wolf_xmr_miner\x64\release\mad_xmr_miner.tlog\link.command.1.tlog
d:\miners\wolf-xmr-miner\wolf_xmr_miner\x64\release\mad_xmr_miner.tlog\link.read.1.tlog
d:\miners\wolf-xmr-miner\wolf_xmr_miner\x64\release\mad_xmr_miner.tlog\link.write.1.tlog
